<?xml version="1.0" encoding="UTF-8"?>
<!-- Generated by org.testng.reporters.JUnitReportReporter -->
<testsuite hostname="LAPTEST-004" failures="0" tests="1" name="MavenDemo.BizgazeMaven.ModuleCities" time="10.692" errors="0" timestamp="30 Jun 2021 10:32:29 GMT" skipped="0">
  <testcase classname="MavenDemo.BizgazeMaven.ModuleCities" name="testCreatecity" time="10.692"/>
</testsuite> <!-- MavenDemo.BizgazeMaven.ModuleCities -->
