<?xml version="1.0" encoding="UTF-8"?>
<!-- Generated by org.testng.reporters.JUnitReportReporter -->
<testsuite skipped="0" hostname="DESKTOP-GS5ECRN" name="MavenDemo.BizgazeMaven.ModuleCities" tests="1" failures="0" timestamp="04 Jul 2020 13:19:37 GMT" time="23.781" errors="0">
  <testcase name="testCreatecity" time="23.781" classname="MavenDemo.BizgazeMaven.ModuleCities"/>
</testsuite> <!-- MavenDemo.BizgazeMaven.ModuleCities -->
